<?xml version="1.0" encoding="UTF-8"?>
<!-- Generated by org.testng.reporters.JUnitReportReporter -->
<testsuite hostname="DESKTOP-AG2QBG6" failures="1" tests="2" name="cucumberOptions.TestRunner" time="383.177" errors="0" timestamp="2020-10-01T14:16:32 CEST" skipped="0">
  <testcase classname="cucumberOptions.TestRunner" name="runScenario" time="357.257"/>
  <system-out/>
  <testcase classname="cucumberOptions.TestRunner" name="runScenario" time="25.920">
    <failure message="expected [true] but found [false]" type="java.lang.AssertionError">
      <![CDATA[java.lang.AssertionError: expected [true] but found [false]
at org.testng.Assert.fail(Assert.java:97)
at org.testng.Assert.failNotEquals(Assert.java:968)
at org.testng.Assert.assertTrue(Assert.java:43)
at org.testng.Assert.assertTrue(Assert.java:53)
at stepDefinitions.LoginTests.homepage_is_displayed(LoginTests.java:70)
at âœ½.Homepage is displayed(file:src/test/java/features/Login.feature:6)
]]>
    </failure>
  </testcase> <!-- runScenario -->
  <system-out/>
</testsuite> <!-- cucumberOptions.TestRunner -->
