<?xml version="1.0" encoding="UTF-8"?>
<testng-results ignored="0" total="2" passed="1" failed="1" skipped="0">
  <reporter-output>
  </reporter-output>
  <suite started-at="2020-10-01T14:31:46 CEST" name="Surefire suite" finished-at="2020-10-01T14:38:55 CEST" duration-ms="429142">
    <groups>
      <group name="cucumber">
        <method signature="AbstractTestNGCucumberTests.runScenario(io.cucumber.testng.PickleEventWrapper, io.cucumber.testng.CucumberFeatureWrapper)[pri:0, instance:cucumberOptions.TestRunner@68567e20]" name="runScenario" class="io.cucumber.testng.AbstractTestNGCucumberTests"/>
      </group> <!-- cucumber -->
    </groups>
    <test started-at="2020-10-01T14:31:46 CEST" name="Surefire test" finished-at="2020-10-01T14:38:55 CEST" duration-ms="429142">
      <class name="cucumberOptions.TestRunner">
        <test-method is-config="true" signature="setUpClass()[pri:0, instance:cucumberOptions.TestRunner@68567e20]" started-at="2020-10-01T14:31:46 CEST" name="setUpClass" finished-at="2020-10-01T14:31:47 CEST" duration-ms="666" status="PASS">
          <reporter-output>
          </reporter-output>
        </test-method> <!-- setUpClass -->
        <test-method signature="runScenario(io.cucumber.testng.PickleEventWrapper, io.cucumber.testng.CucumberFeatureWrapper)[pri:0, instance:cucumberOptions.TestRunner@68567e20]" started-at="2020-10-01T14:31:47 CEST" name="runScenario" description="Runs Cucumber Scenarios" data-provider="scenarios" finished-at="2020-10-01T14:38:22 CEST" duration-ms="394544" status="PASS">
          <params>
            <param index="0">
              <value>
                <![CDATA["S1A-71: Abstracts titles are exported with title case rules"]]>
              </value>
            </param>
            <param index="1">
              <value>
                <![CDATA["Export.feature"]]>
              </value>
            </param>
          </params>
          <reporter-output>
          </reporter-output>
        </test-method> <!-- runScenario -->
        <test-method signature="runScenario(io.cucumber.testng.PickleEventWrapper, io.cucumber.testng.CucumberFeatureWrapper)[pri:0, instance:cucumberOptions.TestRunner@68567e20]" started-at="2020-10-01T14:38:22 CEST" name="runScenario" description="Runs Cucumber Scenarios" data-provider="scenarios" finished-at="2020-10-01T14:38:55 CEST" duration-ms="33758" status="FAIL">
          <params>
            <param index="0">
              <value>
                <![CDATA["Homepage displayed after login"]]>
              </value>
            </param>
            <param index="1">
              <value>
                <![CDATA["Login.feature"]]>
              </value>
            </param>
          </params>
          <exception class="java.lang.AssertionError">
            <message>
              <![CDATA[expected [true] but found [false]]]>
            </message>
            <full-stacktrace>
              <![CDATA[java.lang.AssertionError: expected [true] but found [false]
at org.testng.Assert.fail(Assert.java:97)
at org.testng.Assert.failNotEquals(Assert.java:969)
at org.testng.Assert.assertTrue(Assert.java:43)
at org.testng.Assert.assertTrue(Assert.java:53)
at stepDefinitions.LoginTests.homepage_is_displayed(LoginTests.java:70)
at âœ½.Homepage is displayed(file:src/test/java/features/Login.feature:6)
]]>
            </full-stacktrace>
          </exception> <!-- java.lang.AssertionError -->
          <reporter-output>
          </reporter-output>
        </test-method> <!-- runScenario -->
        <test-method is-config="true" signature="tearDownClass()[pri:0, instance:cucumberOptions.TestRunner@68567e20]" started-at="2020-10-01T14:38:55 CEST" name="tearDownClass" finished-at="2020-10-01T14:38:55 CEST" duration-ms="20" status="PASS">
          <reporter-output>
          </reporter-output>
        </test-method> <!-- tearDownClass -->
      </class> <!-- cucumberOptions.TestRunner -->
    </test> <!-- Surefire test -->
  </suite> <!-- Surefire suite -->
</testng-results>
