<?xml version="1.0" encoding="UTF-8"?>
<testng-results ignored="0" total="2" passed="1" failed="1" skipped="0">
  <reporter-output>
  </reporter-output>
  <suite started-at="2020-10-01T14:10:08 CEST" name="Automated Test Suite" finished-at="2020-10-01T14:16:32 CEST" duration-ms="383802">
    <groups>
      <group name="cucumber">
        <method signature="AbstractTestNGCucumberTests.runScenario(io.cucumber.testng.PickleEventWrapper, io.cucumber.testng.CucumberFeatureWrapper)[pri:0, instance:cucumberOptions.TestRunner@6fdbe764]" name="runScenario" class="io.cucumber.testng.AbstractTestNGCucumberTests"/>
      </group> <!-- cucumber -->
    </groups>
    <test started-at="2020-10-01T14:10:08 CEST" name="Automated Test" finished-at="2020-10-01T14:16:32 CEST" duration-ms="383802">
      <class name="cucumberOptions.TestRunner">
        <test-method is-config="true" signature="setUpClass()[pri:0, instance:cucumberOptions.TestRunner@6fdbe764]" started-at="2020-10-01T14:10:08 CEST" name="setUpClass" finished-at="2020-10-01T14:10:09 CEST" duration-ms="515" status="PASS">
          <reporter-output>
          </reporter-output>
        </test-method> <!-- setUpClass -->
        <test-method signature="runScenario(io.cucumber.testng.PickleEventWrapper, io.cucumber.testng.CucumberFeatureWrapper)[pri:0, instance:cucumberOptions.TestRunner@6fdbe764]" started-at="2020-10-01T14:10:09 CEST" name="runScenario" description="Runs Cucumber Scenarios" data-provider="scenarios" finished-at="2020-10-01T14:16:06 CEST" duration-ms="357257" status="PASS">
          <params>
            <param index="0">
              <value>
                <![CDATA["S1A-71: Abstracts titles are exported with title case rules"]]>
              </value>
            </param>
            <param index="1">
              <value>
                <![CDATA["Export.feature"]]>
              </value>
            </param>
          </params>
          <reporter-output>
          </reporter-output>
        </test-method> <!-- runScenario -->
        <test-method signature="runScenario(io.cucumber.testng.PickleEventWrapper, io.cucumber.testng.CucumberFeatureWrapper)[pri:0, instance:cucumberOptions.TestRunner@6fdbe764]" started-at="2020-10-01T14:16:06 CEST" name="runScenario" description="Runs Cucumber Scenarios" data-provider="scenarios" finished-at="2020-10-01T14:16:32 CEST" duration-ms="25920" status="FAIL">
          <params>
            <param index="0">
              <value>
                <![CDATA["Homepage displayed after login"]]>
              </value>
            </param>
            <param index="1">
              <value>
                <![CDATA["Login.feature"]]>
              </value>
            </param>
          </params>
          <exception class="java.lang.AssertionError">
            <message>
              <![CDATA[expected [true] but found [false]]]>
            </message>
            <full-stacktrace>
              <![CDATA[java.lang.AssertionError: expected [true] but found [false]
at org.testng.Assert.fail(Assert.java:97)
at org.testng.Assert.failNotEquals(Assert.java:968)
at org.testng.Assert.assertTrue(Assert.java:43)
at org.testng.Assert.assertTrue(Assert.java:53)
at stepDefinitions.LoginTests.homepage_is_displayed(LoginTests.java:70)
at âœ½.Homepage is displayed(file:src/test/java/features/Login.feature:6)
]]>
            </full-stacktrace>
          </exception> <!-- java.lang.AssertionError -->
          <reporter-output>
          </reporter-output>
        </test-method> <!-- runScenario -->
        <test-method is-config="true" signature="tearDownClass()[pri:0, instance:cucumberOptions.TestRunner@6fdbe764]" started-at="2020-10-01T14:16:32 CEST" name="tearDownClass" finished-at="2020-10-01T14:16:32 CEST" duration-ms="9" status="PASS">
          <reporter-output>
          </reporter-output>
        </test-method> <!-- tearDownClass -->
      </class> <!-- cucumberOptions.TestRunner -->
    </test> <!-- Automated Test -->
  </suite> <!-- Automated Test Suite -->
</testng-results>
